;  LST file generated by mikroListExporter - v.2.0 
; Date/Time: 5/4/2021 10:34:31 PM
;----------------------------------------------

;Address Opcode 	ASM
0x0000	0x285F      	GOTO       95
_reset:
;MyProject.c,81 :: 		void reset(){
;MyProject.c,82 :: 		num1 = 0;
0x0003	0x1283      	BCF        STATUS, 5
0x0004	0x1303      	BCF        STATUS, 6
0x0005	0x01A6      	CLRF       _num1
0x0006	0x01A7      	CLRF       _num1+1
;MyProject.c,83 :: 		num2 = 0;
0x0007	0x01A8      	CLRF       _num2
0x0008	0x01A9      	CLRF       _num2+1
;MyProject.c,84 :: 		num3 = 0;
0x0009	0x01A0      	CLRF       _num3
0x000A	0x01A1      	CLRF       _num3+1
;MyProject.c,85 :: 		state = 0;
0x000B	0x01A2      	CLRF       _state
0x000C	0x01A3      	CLRF       _state+1
;MyProject.c,87 :: 		}
L_end_reset:
0x000D	0x0008      	RETURN
; end of _reset
_____DoICP:
;__Lib_System.c,6 :: 		
;__Lib_System.c,9 :: 		
0x000E	0x1283      	BCF        STATUS, 5
0x000F	0x1303      	BCF        STATUS, 6
0x0010	0x082B      	MOVF       ___DoICPAddr+1, 0
0x0011	0x008A      	MOVWF      PCLATH
;__Lib_System.c,10 :: 		
0x0012	0x082A      	MOVF       ___DoICPAddr, 0
0x0013	0x0082      	MOVWF      PCL
;__Lib_System.c,12 :: 		
L_end_____DoICP:
0x0014	0x0008      	RETURN
; end of _____DoICP
_increment:
;MyProject.c,60 :: 		void increment(){
;MyProject.c,63 :: 		num1++;
0x0015	0x1283      	BCF        STATUS, 5
0x0016	0x1303      	BCF        STATUS, 6
0x0017	0x0AA6      	INCF       _num1, 1
0x0018	0x1903      	BTFSC      STATUS, 2
0x0019	0x0AA7      	INCF       _num1+1, 1
;MyProject.c,66 :: 		if(num1 == 10){
0x001A	0x3000      	MOVLW      0
0x001B	0x0627      	XORWF      _num1+1, 0
0x001C	0x1D03      	BTFSS      STATUS, 2
0x001D	0x2820      	GOTO       L__increment21
0x001E	0x300A      	MOVLW      10
0x001F	0x0626      	XORWF      _num1, 0
L__increment21:
0x0020	0x1D03      	BTFSS      STATUS, 2
0x0021	0x2827      	GOTO       L_increment12
;MyProject.c,67 :: 		num1 = 0;
0x0022	0x01A6      	CLRF       _num1
0x0023	0x01A7      	CLRF       _num1+1
;MyProject.c,68 :: 		num2++;
0x0024	0x0AA8      	INCF       _num2, 1
0x0025	0x1903      	BTFSC      STATUS, 2
0x0026	0x0AA9      	INCF       _num2+1, 1
;MyProject.c,69 :: 		}// increase num 3
L_increment12:
;MyProject.c,70 :: 		if (num2 == 10){
0x0027	0x3000      	MOVLW      0
0x0028	0x0629      	XORWF      _num2+1, 0
0x0029	0x1D03      	BTFSS      STATUS, 2
0x002A	0x282D      	GOTO       L__increment22
0x002B	0x300A      	MOVLW      10
0x002C	0x0628      	XORWF      _num2, 0
L__increment22:
0x002D	0x1D03      	BTFSS      STATUS, 2
0x002E	0x2834      	GOTO       L_increment13
;MyProject.c,71 :: 		num2 = 0;
0x002F	0x01A8      	CLRF       _num2
0x0030	0x01A9      	CLRF       _num2+1
;MyProject.c,72 :: 		num3++;
0x0031	0x0AA0      	INCF       _num3, 1
0x0032	0x1903      	BTFSC      STATUS, 2
0x0033	0x0AA1      	INCF       _num3+1, 1
;MyProject.c,73 :: 		} // reset clock
L_increment13:
;MyProject.c,74 :: 		if(num3 == 10){
0x0034	0x3000      	MOVLW      0
0x0035	0x0621      	XORWF      _num3+1, 0
0x0036	0x1D03      	BTFSS      STATUS, 2
0x0037	0x283A      	GOTO       L__increment23
0x0038	0x300A      	MOVLW      10
0x0039	0x0620      	XORWF      _num3, 0
L__increment23:
0x003A	0x1D03      	BTFSS      STATUS, 2
0x003B	0x283D      	GOTO       L_increment14
;MyProject.c,75 :: 		reset();
0x003C	0x2003      	CALL       _reset
;MyProject.c,76 :: 		}
L_increment14:
;MyProject.c,78 :: 		}
L_end_increment:
0x003D	0x0008      	RETURN
; end of _increment
_displayNum3:
;MyProject.c,100 :: 		void displayNum3(int num3) {
;MyProject.c,101 :: 		PORTA = 0x03;//00000011
0x003E	0x3003      	MOVLW      3
0x003F	0x1283      	BCF        STATUS, 5
0x0040	0x1303      	BCF        STATUS, 6
0x0041	0x0085      	MOVWF      PORTA
;MyProject.c,102 :: 		PORTB = num3;
0x0042	0x082E      	MOVF       FARG_displayNum3_num3, 0
0x0043	0x0086      	MOVWF      PORTB
;MyProject.c,103 :: 		}
L_end_displayNum3:
0x0044	0x0008      	RETURN
; end of _displayNum3
___CC2DW:
;__Lib_System.c,134 :: 		
;__Lib_System.c,137 :: 		
_CC2D_Loop1:
;__Lib_System.c,139 :: 		
0x0045	0x200E      	CALL       _____DoICP
0x0046	0x118A      	BCF        PCLATH, 3
0x0047	0x120A      	BCF        PCLATH, 4
;__Lib_System.c,141 :: 		
0x0048	0x0080      	MOVWF      INDF
;__Lib_System.c,142 :: 		
0x0049	0x0A84      	INCF       FSR, 1
;__Lib_System.c,143 :: 		
0x004A	0x0AAA      	INCF       ___DoICPAddr, 1
;__Lib_System.c,145 :: 		
0x004B	0x1903      	BTFSC      STATUS, 2
;__Lib_System.c,146 :: 		
0x004C	0x0AAB      	INCF       ___DoICPAddr+1, 1
;__Lib_System.c,147 :: 		
0x004D	0x03F0      	DECF       R0, 1
;__Lib_System.c,149 :: 		
0x004E	0x1D03      	BTFSS      STATUS, 2
;__Lib_System.c,150 :: 		
0x004F	0x2845      	GOTO       _CC2D_Loop1
;__Lib_System.c,152 :: 		
L_end___CC2DW:
0x0050	0x0008      	RETURN
; end of ___CC2DW
_displayNum1:
;MyProject.c,89 :: 		void displayNum1(int num1) {
;MyProject.c,90 :: 		PORTA = 0x06;//00000110
0x0051	0x3006      	MOVLW      6
0x0052	0x1283      	BCF        STATUS, 5
0x0053	0x1303      	BCF        STATUS, 6
0x0054	0x0085      	MOVWF      PORTA
;MyProject.c,91 :: 		PORTB = num1;
0x0055	0x082E      	MOVF       FARG_displayNum1_num1, 0
0x0056	0x0086      	MOVWF      PORTB
;MyProject.c,92 :: 		}
L_end_displayNum1:
0x0057	0x0008      	RETURN
; end of _displayNum1
_displayNum2:
;MyProject.c,95 :: 		void displayNum2(int num2) {
;MyProject.c,96 :: 		PORTA = 0x05;//00000101
0x0058	0x3005      	MOVLW      5
0x0059	0x1283      	BCF        STATUS, 5
0x005A	0x1303      	BCF        STATUS, 6
0x005B	0x0085      	MOVWF      PORTA
;MyProject.c,97 :: 		PORTB = num2;
0x005C	0x082E      	MOVF       FARG_displayNum2_num2, 0
0x005D	0x0086      	MOVWF      PORTB
;MyProject.c,98 :: 		}
L_end_displayNum2:
0x005E	0x0008      	RETURN
; end of _displayNum2
_main:
0x005F	0x1283      	BCF        STATUS, 5
0x0060	0x1303      	BCF        STATUS, 6
0x0061	0x01A0      	CLRF       _num3
0x0062	0x01A1      	CLRF       33
0x0063	0x01A2      	CLRF       _state
0x0064	0x01A3      	CLRF       35
0x0065	0x01A4      	CLRF       _buttonP
0x0066	0x01A5      	CLRF       37
0x0067	0x01A6      	CLRF       _num1
0x0068	0x01A7      	CLRF       39
0x0069	0x01A8      	CLRF       _num2
0x006A	0x01A9      	CLRF       41
;MyProject.c,20 :: 		void main(){
;MyProject.c,23 :: 		PCON.OSCF = 1;
0x006B	0x1683      	BSF        STATUS, 5
0x006C	0x158E      	BSF        PCON, 3
;MyProject.c,24 :: 		TRISA = 0xF0;
0x006D	0x30F0      	MOVLW      240
0x006E	0x0085      	MOVWF      TRISA
;MyProject.c,25 :: 		TRISB = 0x00;
0x006F	0x0186      	CLRF       TRISB
;MyProject.c,26 :: 		PORTA = 0x00;
0x0070	0x1283      	BCF        STATUS, 5
0x0071	0x0185      	CLRF       PORTA
;MyProject.c,27 :: 		PORTB = 0x00;
0x0072	0x0186      	CLRF       PORTB
;MyProject.c,29 :: 		while(1){
L_main0:
;MyProject.c,31 :: 		delay_ms(50);
0x0073	0x3011      	MOVLW      17
0x0074	0x00FC      	MOVWF      R12
0x0075	0x303A      	MOVLW      58
0x0076	0x00FD      	MOVWF      R13
L_main2:
0x0077	0x0BFD      	DECFSZ     R13, 1
0x0078	0x2877      	GOTO       L_main2
0x0079	0x0BFC      	DECFSZ     R12, 1
0x007A	0x2877      	GOTO       L_main2
0x007B	0x0000      	NOP
;MyProject.c,34 :: 		if( buttonP == 0 && RA5_bit == 1){
0x007C	0x3000      	MOVLW      0
0x007D	0x0625      	XORWF      _buttonP+1, 0
0x007E	0x1D03      	BTFSS      STATUS, 2
0x007F	0x2882      	GOTO       L__main17
0x0080	0x3000      	MOVLW      0
0x0081	0x0624      	XORWF      _buttonP, 0
L__main17:
0x0082	0x1D03      	BTFSS      STATUS, 2
0x0083	0x289D      	GOTO       L_main5
0x0084	0x1E85      	BTFSS      RA5_bit, BitPos(RA5_bit+0)
0x0085	0x289D      	GOTO       L_main5
L__main15:
;MyProject.c,35 :: 		state = (state == 9 ? 0 : state+1); // short if block
0x0086	0x3000      	MOVLW      0
0x0087	0x0623      	XORWF      _state+1, 0
0x0088	0x1D03      	BTFSS      STATUS, 2
0x0089	0x288C      	GOTO       L__main18
0x008A	0x3009      	MOVLW      9
0x008B	0x0622      	XORWF      _state, 0
L__main18:
0x008C	0x1D03      	BTFSS      STATUS, 2
0x008D	0x2891      	GOTO       L_main6
0x008E	0x01AC      	CLRF       ?FLOC___mainT6
0x008F	0x01AD      	CLRF       ?FLOC___mainT6+1
0x0090	0x2899      	GOTO       L_main7
L_main6:
0x0091	0x0822      	MOVF       _state, 0
0x0092	0x3E01      	ADDLW      1
0x0093	0x00AC      	MOVWF      ?FLOC___mainT6
0x0094	0x3000      	MOVLW      0
0x0095	0x1803      	BTFSC      STATUS, 0
0x0096	0x3E01      	ADDLW      1
0x0097	0x0723      	ADDWF      _state+1, 0
0x0098	0x00AD      	MOVWF      ?FLOC___mainT6+1
L_main7:
0x0099	0x082C      	MOVF       ?FLOC___mainT6, 0
0x009A	0x00A2      	MOVWF      _state
0x009B	0x082D      	MOVF       ?FLOC___mainT6+1, 0
0x009C	0x00A3      	MOVWF      _state+1
;MyProject.c,36 :: 		}
L_main5:
;MyProject.c,38 :: 		buttonP = RA5_bit; // Previous value
0x009D	0x3000      	MOVLW      0
0x009E	0x1A85      	BTFSC      RA5_bit, BitPos(RA5_bit+0)
0x009F	0x3001      	MOVLW      1
0x00A0	0x00A4      	MOVWF      _buttonP
0x00A1	0x01A5      	CLRF       _buttonP+1
;MyProject.c,41 :: 		if (RA6_bit == 1 ){
0x00A2	0x1F05      	BTFSS      RA6_bit, BitPos(RA6_bit+0)
0x00A3	0x28A5      	GOTO       L_main8
;MyProject.c,43 :: 		reset();
0x00A4	0x2003      	CALL       _reset
;MyProject.c,44 :: 		}
L_main8:
;MyProject.c,47 :: 		if(state==1){
0x00A5	0x3000      	MOVLW      0
0x00A6	0x0623      	XORWF      _state+1, 0
0x00A7	0x1D03      	BTFSS      STATUS, 2
0x00A8	0x28AB      	GOTO       L__main19
0x00A9	0x3001      	MOVLW      1
0x00AA	0x0622      	XORWF      _state, 0
L__main19:
0x00AB	0x1D03      	BTFSS      STATUS, 2
0x00AC	0x28AE      	GOTO       L_main9
;MyProject.c,48 :: 		increment();
0x00AD	0x2015      	CALL       _increment
;MyProject.c,49 :: 		}
L_main9:
;MyProject.c,52 :: 		displayNum1(num1);
0x00AE	0x0826      	MOVF       _num1, 0
0x00AF	0x00AE      	MOVWF      FARG_displayNum1_num1
0x00B0	0x0827      	MOVF       _num1+1, 0
0x00B1	0x00AF      	MOVWF      FARG_displayNum1_num1+1
0x00B2	0x2051      	CALL       _displayNum1
;MyProject.c,53 :: 		delay_ms(3);
0x00B3	0x30F9      	MOVLW      249
0x00B4	0x00FD      	MOVWF      R13
L_main10:
0x00B5	0x0BFD      	DECFSZ     R13, 1
0x00B6	0x28B5      	GOTO       L_main10
0x00B7	0x0000      	NOP
0x00B8	0x0000      	NOP
;MyProject.c,54 :: 		displayNum2(num2);
0x00B9	0x0828      	MOVF       _num2, 0
0x00BA	0x00AE      	MOVWF      FARG_displayNum2_num2
0x00BB	0x0829      	MOVF       _num2+1, 0
0x00BC	0x00AF      	MOVWF      FARG_displayNum2_num2+1
0x00BD	0x2058      	CALL       _displayNum2
;MyProject.c,55 :: 		delay_ms(3);
0x00BE	0x30F9      	MOVLW      249
0x00BF	0x00FD      	MOVWF      R13
L_main11:
0x00C0	0x0BFD      	DECFSZ     R13, 1
0x00C1	0x28C0      	GOTO       L_main11
0x00C2	0x0000      	NOP
0x00C3	0x0000      	NOP
;MyProject.c,56 :: 		displayNum3(num3);
0x00C4	0x0820      	MOVF       _num3, 0
0x00C5	0x00AE      	MOVWF      FARG_displayNum3_num3
0x00C6	0x0821      	MOVF       _num3+1, 0
0x00C7	0x00AF      	MOVWF      FARG_displayNum3_num3+1
0x00C8	0x203E      	CALL       _displayNum3
;MyProject.c,57 :: 		}
0x00C9	0x2873      	GOTO       L_main0
;MyProject.c,59 :: 		}//SAME LAB5
L_end_main:
0x00CA	0x28CA      	GOTO       $+0
; end of _main
Symbol List:
//** Routines locations **
//ADDRESS    SIZE    PROCEDURE
//----------------------------------------------
0x0003      [11]    _reset
0x000E       [7]    _____DoICP
0x0015      [41]    _increment
0x003E       [7]    _displayNum3
0x0045      [12]    ___CC2DW
0x0051       [7]    _displayNum1
0x0058       [7]    _displayNum2
0x005F     [108]    _main
//** Variables locations ** 
//ADDRESS    SIZE    VARIABLE
//----------------------------------------------
0x0000       [1]    INDF
0x0002       [1]    PCL
0x0003       [1]    STATUS
0x0004       [1]    FSR
0x0005       [0]    RA5_bit
0x0005       [0]    RA6_bit
0x0005       [1]    PORTA
0x0006       [1]    PORTB
0x000A       [1]    PCLATH
0x0020       [2]    _num3
0x0022       [2]    _state
0x0024       [2]    _buttonP
0x0026       [2]    _num1
0x0028       [2]    _num2
0x002A       [2]    ___DoICPAddr
0x002C       [2]    ?FLOC___mainT6
0x002E       [2]    FARG_displayNum3_num3
0x002E       [2]    FARG_displayNum1_num1
0x002E       [2]    FARG_displayNum2_num2
0x0070       [1]    R0
0x0071       [1]    R1
0x0072       [1]    R2
0x0073       [1]    R3
0x0074       [1]    R4
0x0075       [1]    R5
0x0076       [1]    R6
0x0077       [1]    R7
0x0078       [1]    R8
0x0079       [1]    R9
0x007A       [1]    R10
0x007B       [1]    R11
0x007C       [1]    R12
0x007D       [1]    R13
0x007E       [1]    R14
0x007F       [1]    R15
0x0085       [1]    TRISA
0x0086       [1]    TRISB
0x008E       [1]    PCON
//** Label List: ** 
//----------------------------------------------
  L_main0
  L_main1
  L_main2
  L_main3
  L_main4
  L_main5
  L_main6
  L_main7
  L_main8
  L_main9
  L_main10
  L_main11
  L_increment12
  L_increment13
  L_increment14
  L__main15
  L_end_main
  _main
  L__main17
  L__main18
  L__main19
  L_end_increment
  _increment
  L__increment21
  L__increment22
  L__increment23
  L_end_reset
  _reset
  L_end_displayNum1
  _displayNum1
  L_end_displayNum2
  _displayNum2
  L_end_displayNum3
  _displayNum3
  L_loopCA2AWs
  L_CA2AWend
  _CCA2AW_Loop1
  L_loopCS2Ss
  L_CS2Send
  _CCS2S_Loop1
  L_CCS2Send
  L_loopFZinSWs
  L_FZinSend
  _CC2D_Loop1
  L_end_____DoICP
  _____DoICP
  L_end_____DoIFC
  _____DoIFC
  L_end___CA2AW
  ___CA2AW
  L_end___CCA2AW
  ___CCA2AW
  L_end___CS2S
  ___CS2S
  L_end___CCS2S
  ___CCS2S
  L_end___FZinS
  ___FZinS
  L_end___CC2DW
  ___CC2DW
  L_end_Swap
  _Swap
