;  LST file generated by mikroListExporter - v.2.0 
; Date/Time: 4/24/2021 8:56:00 AM
;----------------------------------------------

;Address Opcode 	ASM
0x0000	0x2889      	GOTO       137
_combineNumbers:
;EE321_Lab6.c,73 :: 		int combineNumbers(int first4,int last4){
;EE321_Lab6.c,74 :: 		return (first4<<4) + last4;
0x0003	0x3004      	MOVLW      4
0x0004	0x1283      	BCF        STATUS, 5
0x0005	0x1303      	BCF        STATUS, 6
0x0006	0x00F2      	MOVWF      R2
0x0007	0x0830      	MOVF       FARG_combineNumbers_first4, 0
0x0008	0x00F0      	MOVWF      R0
0x0009	0x0831      	MOVF       FARG_combineNumbers_first4+1, 0
0x000A	0x00F1      	MOVWF      R0+1
0x000B	0x0872      	MOVF       R2, 0
L__combineNumbers14:
0x000C	0x1903      	BTFSC      STATUS, 2
0x000D	0x2813      	GOTO       L__combineNumbers15
0x000E	0x0DF0      	RLF        R0, 1
0x000F	0x0DF1      	RLF        R0+1, 1
0x0010	0x1070      	BCF        R0, 0
0x0011	0x3EFF      	ADDLW      255
0x0012	0x280C      	GOTO       L__combineNumbers14
L__combineNumbers15:
0x0013	0x0832      	MOVF       FARG_combineNumbers_last4, 0
0x0014	0x07F0      	ADDWF      R0, 1
0x0015	0x0833      	MOVF       FARG_combineNumbers_last4+1, 0
0x0016	0x1803      	BTFSC      STATUS, 0
0x0017	0x3E01      	ADDLW      1
0x0018	0x07F1      	ADDWF      R0+1, 1
;EE321_Lab6.c,75 :: 		}
L_end_combineNumbers:
0x0019	0x0008      	RETURN
; end of _combineNumbers
_assignValues:
;EE321_Lab6.c,77 :: 		void assignValues(int left,int middle,int right){
;EE321_Lab6.c,79 :: 		TRISA = right;				// I'm using only last 4 digits
0x001A	0x1283      	BCF        STATUS, 5
0x001B	0x1303      	BCF        STATUS, 6
0x001C	0x082E      	MOVF       FARG_assignValues_right, 0
0x001D	0x1683      	BSF        STATUS, 5
0x001E	0x0085      	MOVWF      TRISA
;EE321_Lab6.c,80 :: 		PORTB = combineNumbers(left,middle);	// combine num2 and num3
0x001F	0x1283      	BCF        STATUS, 5
0x0020	0x082A      	MOVF       FARG_assignValues_left, 0
0x0021	0x00B0      	MOVWF      FARG_combineNumbers_first4
0x0022	0x082B      	MOVF       FARG_assignValues_left+1, 0
0x0023	0x00B1      	MOVWF      FARG_combineNumbers_first4+1
0x0024	0x082C      	MOVF       FARG_assignValues_middle, 0
0x0025	0x00B2      	MOVWF      FARG_combineNumbers_last4
0x0026	0x082D      	MOVF       FARG_assignValues_middle+1, 0
0x0027	0x00B3      	MOVWF      FARG_combineNumbers_last4+1
0x0028	0x2003      	CALL       _combineNumbers
0x0029	0x0870      	MOVF       R0, 0
0x002A	0x0086      	MOVWF      PORTB
;EE321_Lab6.c,81 :: 		}
L_end_assignValues:
0x002B	0x0008      	RETURN
; end of _assignValues
_____DoICP:
;__Lib_System.c,6 :: 		
;__Lib_System.c,9 :: 		
0x002C	0x1283      	BCF        STATUS, 5
0x002D	0x1303      	BCF        STATUS, 6
0x002E	0x0829      	MOVF       ___DoICPAddr+1, 0
0x002F	0x008A      	MOVWF      PCLATH
;__Lib_System.c,10 :: 		
0x0030	0x0828      	MOVF       ___DoICPAddr, 0
0x0031	0x0082      	MOVWF      PCL
;__Lib_System.c,12 :: 		
L_end_____DoICP:
0x0032	0x0008      	RETURN
; end of _____DoICP
_reset:
;EE321_Lab6.c,40 :: 		void reset(){
;EE321_Lab6.c,41 :: 		num1 = 0;
0x0033	0x1283      	BCF        STATUS, 5
0x0034	0x1303      	BCF        STATUS, 6
0x0035	0x01A6      	CLRF       _num1
0x0036	0x01A7      	CLRF       _num1+1
;EE321_Lab6.c,42 :: 		num2 = 0;
0x0037	0x01A0      	CLRF       _num2
0x0038	0x01A1      	CLRF       _num2+1
;EE321_Lab6.c,43 :: 		num3 = 0;
0x0039	0x01A2      	CLRF       _num3
0x003A	0x01A3      	CLRF       _num3+1
;EE321_Lab6.c,44 :: 		assignValues(num3,num2,num1);
0x003B	0x01AA      	CLRF       FARG_assignValues_left
0x003C	0x01AB      	CLRF       FARG_assignValues_left+1
0x003D	0x01AC      	CLRF       FARG_assignValues_middle
0x003E	0x01AD      	CLRF       FARG_assignValues_middle+1
0x003F	0x01AE      	CLRF       FARG_assignValues_right
0x0040	0x01AF      	CLRF       FARG_assignValues_right+1
0x0041	0x201A      	CALL       _assignValues
;EE321_Lab6.c,46 :: 		}
L_end_reset:
0x0042	0x0008      	RETURN
; end of _reset
_increment:
;EE321_Lab6.c,48 :: 		void increment(){
;EE321_Lab6.c,51 :: 		if (isStart){
0x0043	0x1283      	BCF        STATUS, 5
0x0044	0x1303      	BCF        STATUS, 6
0x0045	0x0824      	MOVF       _isStart, 0
0x0046	0x0425      	IORWF      _isStart+1, 0
0x0047	0x1903      	BTFSC      STATUS, 2
0x0048	0x287C      	GOTO       L_increment3
;EE321_Lab6.c,54 :: 		num1++;
0x0049	0x0AA6      	INCF       _num1, 1
0x004A	0x1903      	BTFSC      STATUS, 2
0x004B	0x0AA7      	INCF       _num1+1, 1
;EE321_Lab6.c,56 :: 		if(num1 == 10){
0x004C	0x3000      	MOVLW      0
0x004D	0x0627      	XORWF      _num1+1, 0
0x004E	0x1D03      	BTFSS      STATUS, 2
0x004F	0x2852      	GOTO       L__increment10
0x0050	0x300A      	MOVLW      10
0x0051	0x0626      	XORWF      _num1, 0
L__increment10:
0x0052	0x1D03      	BTFSS      STATUS, 2
0x0053	0x2859      	GOTO       L_increment4
;EE321_Lab6.c,57 :: 		num1 = 0;
0x0054	0x01A6      	CLRF       _num1
0x0055	0x01A7      	CLRF       _num1+1
;EE321_Lab6.c,58 :: 		num2++;
0x0056	0x0AA0      	INCF       _num2, 1
0x0057	0x1903      	BTFSC      STATUS, 2
0x0058	0x0AA1      	INCF       _num2+1, 1
;EE321_Lab6.c,59 :: 		}// increase num 3
L_increment4:
;EE321_Lab6.c,60 :: 		if (num2 == 10){
0x0059	0x3000      	MOVLW      0
0x005A	0x0621      	XORWF      _num2+1, 0
0x005B	0x1D03      	BTFSS      STATUS, 2
0x005C	0x285F      	GOTO       L__increment11
0x005D	0x300A      	MOVLW      10
0x005E	0x0620      	XORWF      _num2, 0
L__increment11:
0x005F	0x1D03      	BTFSS      STATUS, 2
0x0060	0x2866      	GOTO       L_increment5
;EE321_Lab6.c,61 :: 		num2 = 0;
0x0061	0x01A0      	CLRF       _num2
0x0062	0x01A1      	CLRF       _num2+1
;EE321_Lab6.c,62 :: 		num3++;
0x0063	0x0AA2      	INCF       _num3, 1
0x0064	0x1903      	BTFSC      STATUS, 2
0x0065	0x0AA3      	INCF       _num3+1, 1
;EE321_Lab6.c,63 :: 		} // reset clock
L_increment5:
;EE321_Lab6.c,64 :: 		if(num3 == 10){
0x0066	0x3000      	MOVLW      0
0x0067	0x0623      	XORWF      _num3+1, 0
0x0068	0x1D03      	BTFSS      STATUS, 2
0x0069	0x286C      	GOTO       L__increment12
0x006A	0x300A      	MOVLW      10
0x006B	0x0622      	XORWF      _num3, 0
L__increment12:
0x006C	0x1D03      	BTFSS      STATUS, 2
0x006D	0x286F      	GOTO       L_increment6
;EE321_Lab6.c,65 :: 		reset();
0x006E	0x2033      	CALL       _reset
;EE321_Lab6.c,66 :: 		}
L_increment6:
;EE321_Lab6.c,68 :: 		assignValues(num3,num2,num1);
0x006F	0x0822      	MOVF       _num3, 0
0x0070	0x00AA      	MOVWF      FARG_assignValues_left
0x0071	0x0823      	MOVF       _num3+1, 0
0x0072	0x00AB      	MOVWF      FARG_assignValues_left+1
0x0073	0x0820      	MOVF       _num2, 0
0x0074	0x00AC      	MOVWF      FARG_assignValues_middle
0x0075	0x0821      	MOVF       _num2+1, 0
0x0076	0x00AD      	MOVWF      FARG_assignValues_middle+1
0x0077	0x0826      	MOVF       _num1, 0
0x0078	0x00AE      	MOVWF      FARG_assignValues_right
0x0079	0x0827      	MOVF       _num1+1, 0
0x007A	0x00AF      	MOVWF      FARG_assignValues_right+1
0x007B	0x201A      	CALL       _assignValues
;EE321_Lab6.c,69 :: 		}
L_increment3:
;EE321_Lab6.c,71 :: 		}
L_end_increment:
0x007C	0x0008      	RETURN
; end of _increment
___CC2DW:
;__Lib_System.c,134 :: 		
;__Lib_System.c,137 :: 		
_CC2D_Loop1:
;__Lib_System.c,139 :: 		
0x007D	0x202C      	CALL       _____DoICP
0x007E	0x118A      	BCF        PCLATH, 3
0x007F	0x120A      	BCF        PCLATH, 4
;__Lib_System.c,141 :: 		
0x0080	0x0080      	MOVWF      INDF
;__Lib_System.c,142 :: 		
0x0081	0x0A84      	INCF       FSR, 1
;__Lib_System.c,143 :: 		
0x0082	0x0AA8      	INCF       ___DoICPAddr, 1
;__Lib_System.c,145 :: 		
0x0083	0x1903      	BTFSC      STATUS, 2
;__Lib_System.c,146 :: 		
0x0084	0x0AA9      	INCF       ___DoICPAddr+1, 1
;__Lib_System.c,147 :: 		
0x0085	0x03F0      	DECF       R0, 1
;__Lib_System.c,149 :: 		
0x0086	0x1D03      	BTFSS      STATUS, 2
;__Lib_System.c,150 :: 		
0x0087	0x287D      	GOTO       _CC2D_Loop1
;__Lib_System.c,152 :: 		
L_end___CC2DW:
0x0088	0x0008      	RETURN
; end of ___CC2DW
_main:
0x0089	0x1283      	BCF        STATUS, 5
0x008A	0x1303      	BCF        STATUS, 6
0x008B	0x01A0      	CLRF       _num2
0x008C	0x01A1      	CLRF       33
0x008D	0x01A2      	CLRF       _num3
0x008E	0x01A3      	CLRF       35
0x008F	0x01A4      	CLRF       _isStart
0x0090	0x01A5      	CLRF       37
0x0091	0x01A6      	CLRF       _num1
0x0092	0x01A7      	CLRF       39
;EE321_Lab6.c,17 :: 		void main(){
;EE321_Lab6.c,20 :: 		PCON.OSCF = 1;
0x0093	0x1683      	BSF        STATUS, 5
0x0094	0x158E      	BSF        PCON, 3
;EE321_Lab6.c,21 :: 		TRISA = 0xF0;
0x0095	0x30F0      	MOVLW      240
0x0096	0x0085      	MOVWF      TRISA
;EE321_Lab6.c,22 :: 		TRISB = 0x00;
0x0097	0x0186      	CLRF       TRISB
;EE321_Lab6.c,23 :: 		PORTA = 0x00;
0x0098	0x1283      	BCF        STATUS, 5
0x0099	0x0185      	CLRF       PORTA
;EE321_Lab6.c,24 :: 		PORTB = 0x00;
0x009A	0x0186      	CLRF       PORTB
;EE321_Lab6.c,26 :: 		while(1){
L_main0:
;EE321_Lab6.c,29 :: 		delay_ms(100);
0x009B	0x3002      	MOVLW      2
0x009C	0x00FB      	MOVWF      R11
0x009D	0x3004      	MOVLW      4
0x009E	0x00FC      	MOVWF      R12
0x009F	0x30BA      	MOVLW      186
0x00A0	0x00FD      	MOVWF      R13
L_main2:
0x00A1	0x0BFD      	DECFSZ     R13, 1
0x00A2	0x28A1      	GOTO       L_main2
0x00A3	0x0BFC      	DECFSZ     R12, 1
0x00A4	0x28A1      	GOTO       L_main2
0x00A5	0x0BFB      	DECFSZ     R11, 1
0x00A6	0x28A1      	GOTO       L_main2
0x00A7	0x0000      	NOP
;EE321_Lab6.c,31 :: 		increment();
0x00A8	0x2043      	CALL       _increment
;EE321_Lab6.c,34 :: 		}
0x00A9	0x289B      	GOTO       L_main0
;EE321_Lab6.c,36 :: 		}
L_end_main:
0x00AA	0x28AA      	GOTO       $+0
; end of _main
Symbol List:
//** Routines locations **
//ADDRESS    SIZE    PROCEDURE
//----------------------------------------------
0x0003      [23]    _combineNumbers
0x001A      [18]    _assignValues
0x002C       [7]    _____DoICP
0x0033      [16]    _reset
0x0043      [58]    _increment
0x007D      [12]    ___CC2DW
0x0089      [34]    _main
//** Variables locations ** 
//ADDRESS    SIZE    VARIABLE
//----------------------------------------------
0x0000       [1]    INDF
0x0002       [1]    PCL
0x0003       [1]    STATUS
0x0004       [1]    FSR
0x0005       [1]    PORTA
0x0006       [1]    PORTB
0x000A       [1]    PCLATH
0x0020       [2]    _num2
0x0022       [2]    _num3
0x0024       [2]    _isStart
0x0026       [2]    _num1
0x0028       [2]    ___DoICPAddr
0x002A       [2]    FARG_assignValues_left
0x002C       [2]    FARG_assignValues_middle
0x002E       [2]    FARG_assignValues_right
0x0030       [2]    FARG_combineNumbers_first4
0x0032       [2]    FARG_combineNumbers_last4
0x0070       [1]    R0
0x0071       [1]    R1
0x0072       [1]    R2
0x0073       [1]    R3
0x0074       [1]    R4
0x0075       [1]    R5
0x0076       [1]    R6
0x0077       [1]    R7
0x0078       [1]    R8
0x0079       [1]    R9
0x007A       [1]    R10
0x007B       [1]    R11
0x007C       [1]    R12
0x007D       [1]    R13
0x007E       [1]    R14
0x007F       [1]    R15
0x0085       [1]    TRISA
0x0086       [1]    TRISB
0x008E       [1]    PCON
//** Label List: ** 
//----------------------------------------------
  L_main0
  L_main1
  L_main2
  L_increment3
  L_increment4
  L_increment5
  L_increment6
  L_end_main
  _main
  L_end_reset
  _reset
  L_end_increment
  _increment
  L__increment10
  L__increment11
  L__increment12
  L_end_combineNumbers
  _combineNumbers
  L__combineNumbers14
  L__combineNumbers15
  L_end_assignValues
  _assignValues
  L_loopCA2AWs
  L_CA2AWend
  _CCA2AW_Loop1
  L_loopCS2Ss
  L_CS2Send
  _CCS2S_Loop1
  L_CCS2Send
  L_loopFZinSWs
  L_FZinSend
  _CC2D_Loop1
  L_end_____DoICP
  _____DoICP
  L_end_____DoIFC
  _____DoIFC
  L_end___CA2AW
  ___CA2AW
  L_end___CCA2AW
  ___CCA2AW
  L_end___CS2S
  ___CS2S
  L_end___CCS2S
  ___CCS2S
  L_end___FZinS
  ___FZinS
  L_end___CC2DW
  ___CC2DW
  L_end_Swap
  _Swap
