;  LST file generated by mikroListExporter - v.2.0 
; Date/Time: 5/11/2021 3:03:02 PM
;----------------------------------------------

;Address Opcode 	ASM
0x0000	0x28AE      	GOTO       174
_interrupt:
0x0004	0x00FF      	MOVWF      R15
0x0005	0x0E03      	SWAPF      STATUS, 0
0x0006	0x0183      	CLRF       STATUS
0x0007	0x00A5      	MOVWF      ___saveSTATUS
0x0008	0x080A      	MOVF       PCLATH, 0
0x0009	0x00A4      	MOVWF      ___savePCLATH
0x000A	0x018A      	CLRF       PCLATH
;EE321_Lab7_EminKartci_PWMController.c,83 :: 		void interrupt(){
;EE321_Lab7_EminKartci_PWMController.c,87 :: 		if(RB4_bit==1){
0x000B	0x1E06      	BTFSS      RB4_bit, BitPos(RB4_bit+0)
0x000C	0x2814      	GOTO       L_interrupt0
;EE321_Lab7_EminKartci_PWMController.c,89 :: 		if(RA0_bit == 1){
0x000D	0x1C05      	BTFSS      RA0_bit, BitPos(RA0_bit+0)
0x000E	0x2812      	GOTO       L_interrupt1
;EE321_Lab7_EminKartci_PWMController.c,90 :: 		RA0_bit = 0;
0x000F	0x1005      	BCF        RA0_bit, BitPos(RA0_bit+0)
;EE321_Lab7_EminKartci_PWMController.c,91 :: 		RA1_bit = 1;
0x0010	0x1485      	BSF        RA1_bit, BitPos(RA1_bit+0)
;EE321_Lab7_EminKartci_PWMController.c,92 :: 		}
0x0011	0x2814      	GOTO       L_interrupt2
L_interrupt1:
;EE321_Lab7_EminKartci_PWMController.c,94 :: 		RA0_bit = 1;
0x0012	0x1405      	BSF        RA0_bit, BitPos(RA0_bit+0)
;EE321_Lab7_EminKartci_PWMController.c,95 :: 		RA1_bit = 0;
0x0013	0x1085      	BCF        RA1_bit, BitPos(RA1_bit+0)
;EE321_Lab7_EminKartci_PWMController.c,96 :: 		}
L_interrupt2:
;EE321_Lab7_EminKartci_PWMController.c,97 :: 		}
L_interrupt0:
;EE321_Lab7_EminKartci_PWMController.c,99 :: 		if(RB5_bit==1){
0x0014	0x1E86      	BTFSS      RB5_bit, BitPos(RB5_bit+0)
0x0015	0x2856      	GOTO       L_interrupt3
;EE321_Lab7_EminKartci_PWMController.c,100 :: 		if(statePWM==0){
0x0016	0x0820      	MOVF       _statePWM, 0
0x0017	0x3A00      	XORLW      0
0x0018	0x1D03      	BTFSS      STATUS, 2
0x0019	0x2835      	GOTO       L_interrupt4
;EE321_Lab7_EminKartci_PWMController.c,101 :: 		statePWM=1;
0x001A	0x3001      	MOVLW      1
0x001B	0x00A0      	MOVWF      _statePWM
;EE321_Lab7_EminKartci_PWMController.c,102 :: 		PR2 = 103;//3KHz to do
0x001C	0x3067      	MOVLW      103
0x001D	0x1683      	BSF        STATUS, 5
0x001E	0x0092      	MOVWF      PR2
;EE321_Lab7_EminKartci_PWMController.c,103 :: 		if(mode==0){//%25 to do
0x001F	0x1283      	BCF        STATUS, 5
0x0020	0x0821      	MOVF       _mode, 0
0x0021	0x3A00      	XORLW      0
0x0022	0x1D03      	BTFSS      STATUS, 2
0x0023	0x2827      	GOTO       L_interrupt5
;EE321_Lab7_EminKartci_PWMController.c,104 :: 		CCPR1L = 0b00011010;
0x0024	0x301A      	MOVLW      26
0x0025	0x0095      	MOVWF      CCPR1L
;EE321_Lab7_EminKartci_PWMController.c,105 :: 		CCP1CON |= 0b00000000;
;EE321_Lab7_EminKartci_PWMController.c,106 :: 		}
0x0026	0x2834      	GOTO       L_interrupt6
L_interrupt5:
;EE321_Lab7_EminKartci_PWMController.c,107 :: 		else if (mode==1){//%50 to do
0x0027	0x0821      	MOVF       _mode, 0
0x0028	0x3A01      	XORLW      1
0x0029	0x1D03      	BTFSS      STATUS, 2
0x002A	0x282E      	GOTO       L_interrupt7
;EE321_Lab7_EminKartci_PWMController.c,108 :: 		CCPR1L = 0b00110100;
0x002B	0x3034      	MOVLW      52
0x002C	0x0095      	MOVWF      CCPR1L
;EE321_Lab7_EminKartci_PWMController.c,109 :: 		CCP1CON |= 0b00000000;
;EE321_Lab7_EminKartci_PWMController.c,110 :: 		}
0x002D	0x2834      	GOTO       L_interrupt8
L_interrupt7:
;EE321_Lab7_EminKartci_PWMController.c,111 :: 		else if (mode==2){//%75 to do
0x002E	0x0821      	MOVF       _mode, 0
0x002F	0x3A02      	XORLW      2
0x0030	0x1D03      	BTFSS      STATUS, 2
0x0031	0x2834      	GOTO       L_interrupt9
;EE321_Lab7_EminKartci_PWMController.c,113 :: 		CCPR1L = 0b01001110;
0x0032	0x304E      	MOVLW      78
0x0033	0x0095      	MOVWF      CCPR1L
;EE321_Lab7_EminKartci_PWMController.c,114 :: 		CCP1CON |= 0b00000000;
;EE321_Lab7_EminKartci_PWMController.c,115 :: 		}
L_interrupt9:
L_interrupt8:
L_interrupt6:
;EE321_Lab7_EminKartci_PWMController.c,116 :: 		}
0x0034	0x2856      	GOTO       L_interrupt10
L_interrupt4:
;EE321_Lab7_EminKartci_PWMController.c,117 :: 		else if(statePWM==1){
0x0035	0x0820      	MOVF       _statePWM, 0
0x0036	0x3A01      	XORLW      1
0x0037	0x1D03      	BTFSS      STATUS, 2
0x0038	0x2856      	GOTO       L_interrupt11
;EE321_Lab7_EminKartci_PWMController.c,118 :: 		statePWM=0;
0x0039	0x01A0      	CLRF       _statePWM
;EE321_Lab7_EminKartci_PWMController.c,119 :: 		PR2 = 20;//15KHz to do
0x003A	0x3014      	MOVLW      20
0x003B	0x1683      	BSF        STATUS, 5
0x003C	0x0092      	MOVWF      PR2
;EE321_Lab7_EminKartci_PWMController.c,120 :: 		if(mode==0){//%25 to do
0x003D	0x1283      	BCF        STATUS, 5
0x003E	0x0821      	MOVF       _mode, 0
0x003F	0x3A00      	XORLW      0
0x0040	0x1D03      	BTFSS      STATUS, 2
0x0041	0x2846      	GOTO       L_interrupt12
;EE321_Lab7_EminKartci_PWMController.c,121 :: 		CCPR1L = 0b00000101;
0x0042	0x3005      	MOVLW      5
0x0043	0x0095      	MOVWF      CCPR1L
;EE321_Lab7_EminKartci_PWMController.c,122 :: 		CCP1CON |= 0b00010000;
0x0044	0x1617      	BSF        CCP1CON, 4
;EE321_Lab7_EminKartci_PWMController.c,123 :: 		}
0x0045	0x2856      	GOTO       L_interrupt13
L_interrupt12:
;EE321_Lab7_EminKartci_PWMController.c,124 :: 		else if (mode==1){//%50 to do
0x0046	0x0821      	MOVF       _mode, 0
0x0047	0x3A01      	XORLW      1
0x0048	0x1D03      	BTFSS      STATUS, 2
0x0049	0x284E      	GOTO       L_interrupt14
;EE321_Lab7_EminKartci_PWMController.c,125 :: 		CCPR1L = 0b00001010;
0x004A	0x300A      	MOVLW      10
0x004B	0x0095      	MOVWF      CCPR1L
;EE321_Lab7_EminKartci_PWMController.c,126 :: 		CCP1CON |= 0b00100000;
0x004C	0x1697      	BSF        CCP1CON, 5
;EE321_Lab7_EminKartci_PWMController.c,127 :: 		}
0x004D	0x2856      	GOTO       L_interrupt15
L_interrupt14:
;EE321_Lab7_EminKartci_PWMController.c,128 :: 		else if (mode==2){//%75 to do
0x004E	0x0821      	MOVF       _mode, 0
0x004F	0x3A02      	XORLW      2
0x0050	0x1D03      	BTFSS      STATUS, 2
0x0051	0x2856      	GOTO       L_interrupt16
;EE321_Lab7_EminKartci_PWMController.c,129 :: 		CCPR1L = 0b00001111;
0x0052	0x300F      	MOVLW      15
0x0053	0x0095      	MOVWF      CCPR1L
;EE321_Lab7_EminKartci_PWMController.c,130 :: 		CCP1CON |= 0b00110000;
0x0054	0x3030      	MOVLW      48
0x0055	0x0497      	IORWF      CCP1CON, 1
;EE321_Lab7_EminKartci_PWMController.c,131 :: 		}
L_interrupt16:
L_interrupt15:
L_interrupt13:
;EE321_Lab7_EminKartci_PWMController.c,132 :: 		}
L_interrupt11:
L_interrupt10:
;EE321_Lab7_EminKartci_PWMController.c,133 :: 		}
L_interrupt3:
;EE321_Lab7_EminKartci_PWMController.c,135 :: 		if(RB6_bit==1){
0x0056	0x1F06      	BTFSS      RB6_bit, BitPos(RB6_bit+0)
0x0057	0x285E      	GOTO       L_interrupt17
;EE321_Lab7_EminKartci_PWMController.c,136 :: 		mode++;
0x0058	0x0AA1      	INCF       _mode, 1
;EE321_Lab7_EminKartci_PWMController.c,137 :: 		if(mode>2)
0x0059	0x0821      	MOVF       _mode, 0
0x005A	0x3C02      	SUBLW      2
0x005B	0x1803      	BTFSC      STATUS, 0
0x005C	0x285E      	GOTO       L_interrupt18
;EE321_Lab7_EminKartci_PWMController.c,138 :: 		mode=0;
0x005D	0x01A1      	CLRF       _mode
L_interrupt18:
;EE321_Lab7_EminKartci_PWMController.c,139 :: 		}
L_interrupt17:
;EE321_Lab7_EminKartci_PWMController.c,140 :: 		if(statePWM==0){
0x005E	0x0820      	MOVF       _statePWM, 0
0x005F	0x3A00      	XORLW      0
0x0060	0x1D03      	BTFSS      STATUS, 2
0x0061	0x287B      	GOTO       L_interrupt19
;EE321_Lab7_EminKartci_PWMController.c,141 :: 		if(mode==0){//%25 to do
0x0062	0x0821      	MOVF       _mode, 0
0x0063	0x3A00      	XORLW      0
0x0064	0x1D03      	BTFSS      STATUS, 2
0x0065	0x286A      	GOTO       L_interrupt20
;EE321_Lab7_EminKartci_PWMController.c,142 :: 		CCPR1L = 0b00000101;
0x0066	0x3005      	MOVLW      5
0x0067	0x0095      	MOVWF      CCPR1L
;EE321_Lab7_EminKartci_PWMController.c,143 :: 		CCP1CON |= 0b00010000;
0x0068	0x1617      	BSF        CCP1CON, 4
;EE321_Lab7_EminKartci_PWMController.c,144 :: 		}
0x0069	0x287A      	GOTO       L_interrupt21
L_interrupt20:
;EE321_Lab7_EminKartci_PWMController.c,145 :: 		else if (mode==1){//%50 to do
0x006A	0x0821      	MOVF       _mode, 0
0x006B	0x3A01      	XORLW      1
0x006C	0x1D03      	BTFSS      STATUS, 2
0x006D	0x2872      	GOTO       L_interrupt22
;EE321_Lab7_EminKartci_PWMController.c,146 :: 		CCPR1L = 0b00001010;
0x006E	0x300A      	MOVLW      10
0x006F	0x0095      	MOVWF      CCPR1L
;EE321_Lab7_EminKartci_PWMController.c,147 :: 		CCP1CON |= 0b00100000;
0x0070	0x1697      	BSF        CCP1CON, 5
;EE321_Lab7_EminKartci_PWMController.c,148 :: 		}
0x0071	0x287A      	GOTO       L_interrupt23
L_interrupt22:
;EE321_Lab7_EminKartci_PWMController.c,149 :: 		else if (mode==2){//%75 to do
0x0072	0x0821      	MOVF       _mode, 0
0x0073	0x3A02      	XORLW      2
0x0074	0x1D03      	BTFSS      STATUS, 2
0x0075	0x287A      	GOTO       L_interrupt24
;EE321_Lab7_EminKartci_PWMController.c,150 :: 		CCPR1L = 0b00001111;
0x0076	0x300F      	MOVLW      15
0x0077	0x0095      	MOVWF      CCPR1L
;EE321_Lab7_EminKartci_PWMController.c,151 :: 		CCP1CON |= 0b00110000;
0x0078	0x3030      	MOVLW      48
0x0079	0x0497      	IORWF      CCP1CON, 1
;EE321_Lab7_EminKartci_PWMController.c,152 :: 		}
L_interrupt24:
L_interrupt23:
L_interrupt21:
;EE321_Lab7_EminKartci_PWMController.c,153 :: 		}
0x007A	0x2893      	GOTO       L_interrupt25
L_interrupt19:
;EE321_Lab7_EminKartci_PWMController.c,154 :: 		else if(statePWM==1){
0x007B	0x0820      	MOVF       _statePWM, 0
0x007C	0x3A01      	XORLW      1
0x007D	0x1D03      	BTFSS      STATUS, 2
0x007E	0x2893      	GOTO       L_interrupt26
;EE321_Lab7_EminKartci_PWMController.c,155 :: 		if(mode==0){//%25 to do
0x007F	0x0821      	MOVF       _mode, 0
0x0080	0x3A00      	XORLW      0
0x0081	0x1D03      	BTFSS      STATUS, 2
0x0082	0x2886      	GOTO       L_interrupt27
;EE321_Lab7_EminKartci_PWMController.c,156 :: 		CCPR1L = 0b00011010;
0x0083	0x301A      	MOVLW      26
0x0084	0x0095      	MOVWF      CCPR1L
;EE321_Lab7_EminKartci_PWMController.c,157 :: 		CCP1CON |= 0b00000000;
;EE321_Lab7_EminKartci_PWMController.c,158 :: 		}
0x0085	0x2893      	GOTO       L_interrupt28
L_interrupt27:
;EE321_Lab7_EminKartci_PWMController.c,159 :: 		else if (mode==1){//%50 to do
0x0086	0x0821      	MOVF       _mode, 0
0x0087	0x3A01      	XORLW      1
0x0088	0x1D03      	BTFSS      STATUS, 2
0x0089	0x288D      	GOTO       L_interrupt29
;EE321_Lab7_EminKartci_PWMController.c,160 :: 		CCPR1L = 0b00110100;
0x008A	0x3034      	MOVLW      52
0x008B	0x0095      	MOVWF      CCPR1L
;EE321_Lab7_EminKartci_PWMController.c,161 :: 		CCP1CON |= 0b00000000;
;EE321_Lab7_EminKartci_PWMController.c,162 :: 		}
0x008C	0x2893      	GOTO       L_interrupt30
L_interrupt29:
;EE321_Lab7_EminKartci_PWMController.c,163 :: 		else if (mode==2){//%75 to do
0x008D	0x0821      	MOVF       _mode, 0
0x008E	0x3A02      	XORLW      2
0x008F	0x1D03      	BTFSS      STATUS, 2
0x0090	0x2893      	GOTO       L_interrupt31
;EE321_Lab7_EminKartci_PWMController.c,165 :: 		CCPR1L = 0b01001110;
0x0091	0x304E      	MOVLW      78
0x0092	0x0095      	MOVWF      CCPR1L
;EE321_Lab7_EminKartci_PWMController.c,166 :: 		CCP1CON |= 0b00000000;
;EE321_Lab7_EminKartci_PWMController.c,167 :: 		}
L_interrupt31:
L_interrupt30:
L_interrupt28:
;EE321_Lab7_EminKartci_PWMController.c,168 :: 		}
L_interrupt26:
L_interrupt25:
;EE321_Lab7_EminKartci_PWMController.c,171 :: 		INTCON.RBIF = 0;
0x0093	0x100B      	BCF        INTCON, 0
;EE321_Lab7_EminKartci_PWMController.c,172 :: 		}
L_end_interrupt:
L__interrupt34:
0x0094	0x0824      	MOVF       ___savePCLATH, 0
0x0095	0x008A      	MOVWF      PCLATH
0x0096	0x0E25      	SWAPF      ___saveSTATUS, 0
0x0097	0x0083      	MOVWF      STATUS
0x0098	0x0EFF      	SWAPF      R15, 1
0x0099	0x0E7F      	SWAPF      R15, 0
0x009A	0x0009      	RETFIE
; end of _interrupt
_____DoICP:
;__Lib_System.c,6 :: 		
;__Lib_System.c,9 :: 		
0x009B	0x1283      	BCF        STATUS, 5
0x009C	0x1303      	BCF        STATUS, 6
0x009D	0x0823      	MOVF       ___DoICPAddr+1, 0
0x009E	0x008A      	MOVWF      PCLATH
;__Lib_System.c,10 :: 		
0x009F	0x0822      	MOVF       ___DoICPAddr, 0
0x00A0	0x0082      	MOVWF      PCL
;__Lib_System.c,12 :: 		
L_end_____DoICP:
0x00A1	0x0008      	RETURN
; end of _____DoICP
___CC2DW:
;__Lib_System.c,134 :: 		
;__Lib_System.c,137 :: 		
_CC2D_Loop1:
;__Lib_System.c,139 :: 		
0x00A2	0x209B      	CALL       _____DoICP
0x00A3	0x118A      	BCF        PCLATH, 3
0x00A4	0x120A      	BCF        PCLATH, 4
;__Lib_System.c,141 :: 		
0x00A5	0x0080      	MOVWF      INDF
;__Lib_System.c,142 :: 		
0x00A6	0x0A84      	INCF       FSR, 1
;__Lib_System.c,143 :: 		
0x00A7	0x0AA2      	INCF       ___DoICPAddr, 1
;__Lib_System.c,145 :: 		
0x00A8	0x1903      	BTFSC      STATUS, 2
;__Lib_System.c,146 :: 		
0x00A9	0x0AA3      	INCF       ___DoICPAddr+1, 1
;__Lib_System.c,147 :: 		
0x00AA	0x03F0      	DECF       R0, 1
;__Lib_System.c,149 :: 		
0x00AB	0x1D03      	BTFSS      STATUS, 2
;__Lib_System.c,150 :: 		
0x00AC	0x28A2      	GOTO       _CC2D_Loop1
;__Lib_System.c,152 :: 		
L_end___CC2DW:
0x00AD	0x0008      	RETURN
; end of ___CC2DW
_main:
0x00AE	0x1283      	BCF        STATUS, 5
0x00AF	0x1303      	BCF        STATUS, 6
0x00B0	0x01A0      	CLRF       _statePWM
0x00B1	0x01A1      	CLRF       _mode
;EE321_Lab7_EminKartci_PWMController.c,52 :: 		void main(){
;EE321_Lab7_EminKartci_PWMController.c,54 :: 		TRISA		=0x00;
0x00B2	0x1683      	BSF        STATUS, 5
0x00B3	0x0185      	CLRF       TRISA
;EE321_Lab7_EminKartci_PWMController.c,55 :: 		PORTB		=0x00;
0x00B4	0x1283      	BCF        STATUS, 5
0x00B5	0x0186      	CLRF       PORTB
;EE321_Lab7_EminKartci_PWMController.c,57 :: 		PR2 		= 20;
0x00B6	0x3014      	MOVLW      20
0x00B7	0x1683      	BSF        STATUS, 5
0x00B8	0x0092      	MOVWF      PR2
;EE321_Lab7_EminKartci_PWMController.c,59 :: 		CCPR1L 		= 0b00000101;
0x00B9	0x3005      	MOVLW      5
0x00BA	0x1283      	BCF        STATUS, 5
0x00BB	0x0095      	MOVWF      CCPR1L
;EE321_Lab7_EminKartci_PWMController.c,60 :: 		CCP1CON 	|= 0b00010000;
0x00BC	0x1617      	BSF        CCP1CON, 4
;EE321_Lab7_EminKartci_PWMController.c,62 :: 		TRISB.F3	=0;
0x00BD	0x1683      	BSF        STATUS, 5
0x00BE	0x1186      	BCF        TRISB, 3
;EE321_Lab7_EminKartci_PWMController.c,64 :: 		T2CON.F0	=1;
0x00BF	0x1283      	BCF        STATUS, 5
0x00C0	0x1412      	BSF        T2CON, 0
;EE321_Lab7_EminKartci_PWMController.c,65 :: 		T2CON.F1	=1;
0x00C1	0x1492      	BSF        T2CON, 1
;EE321_Lab7_EminKartci_PWMController.c,66 :: 		T2CON.F2	=1;//Timer on
0x00C2	0x1512      	BSF        T2CON, 2
;EE321_Lab7_EminKartci_PWMController.c,68 :: 		CCP1CON.CCP1M3=1;
0x00C3	0x1597      	BSF        CCP1CON, 3
;EE321_Lab7_EminKartci_PWMController.c,69 :: 		CCP1CON.CCP1M2=1;
0x00C4	0x1517      	BSF        CCP1CON, 2
;EE321_Lab7_EminKartci_PWMController.c,72 :: 		INTCON.GIE 	= 1;
0x00C5	0x178B      	BSF        INTCON, 7
;EE321_Lab7_EminKartci_PWMController.c,73 :: 		INTCON.RBIE = 1;
0x00C6	0x158B      	BSF        INTCON, 3
;EE321_Lab7_EminKartci_PWMController.c,74 :: 		INTCON.RBIF = 0;
0x00C7	0x100B      	BCF        INTCON, 0
;EE321_Lab7_EminKartci_PWMController.c,76 :: 		PORTA 		= 0x0A;
0x00C8	0x300A      	MOVLW      10
0x00C9	0x0085      	MOVWF      PORTA
;EE321_Lab7_EminKartci_PWMController.c,80 :: 		}
L_end_main:
0x00CA	0x28CA      	GOTO       $+0
; end of _main
Symbol List:
//** Routines locations **
//ADDRESS    SIZE    PROCEDURE
//----------------------------------------------
0x0004     [151]    _interrupt
0x009B       [7]    _____DoICP
0x00A2      [12]    ___CC2DW
0x00AE      [29]    _main
//** Variables locations ** 
//ADDRESS    SIZE    VARIABLE
//----------------------------------------------
0x0000       [1]    INDF
0x0002       [1]    PCL
0x0003       [1]    STATUS
0x0004       [1]    FSR
0x0005       [1]    PORTA
0x0005       [0]    RA0_bit
0x0005       [0]    RA1_bit
0x0006       [0]    RB4_bit
0x0006       [0]    RB5_bit
0x0006       [0]    RB6_bit
0x0006       [1]    PORTB
0x000A       [1]    PCLATH
0x000B       [1]    INTCON
0x0012       [1]    T2CON
0x0015       [1]    CCPR1L
0x0017       [1]    CCP1CON
0x0020       [1]    _statePWM
0x0021       [1]    _mode
0x0022       [2]    ___DoICPAddr
0x0024       [1]    ___savePCLATH
0x0025       [1]    ___saveSTATUS
0x0070       [1]    R0
0x0071       [1]    R1
0x0072       [1]    R2
0x0073       [1]    R3
0x0074       [1]    R4
0x0075       [1]    R5
0x0076       [1]    R6
0x0077       [1]    R7
0x0078       [1]    R8
0x0079       [1]    R9
0x007A       [1]    R10
0x007B       [1]    R11
0x007C       [1]    R12
0x007D       [1]    R13
0x007E       [1]    R14
0x007F       [1]    R15
0x0085       [1]    TRISA
0x0086       [1]    TRISB
0x0092       [1]    PR2
//** Label List: ** 
//----------------------------------------------
  L_interrupt0
  L_interrupt1
  L_interrupt2
  L_interrupt3
  L_interrupt4
  L_interrupt5
  L_interrupt6
  L_interrupt7
  L_interrupt8
  L_interrupt9
  L_interrupt10
  L_interrupt11
  L_interrupt12
  L_interrupt13
  L_interrupt14
  L_interrupt15
  L_interrupt16
  L_interrupt17
  L_interrupt18
  L_interrupt19
  L_interrupt20
  L_interrupt21
  L_interrupt22
  L_interrupt23
  L_interrupt24
  L_interrupt25
  L_interrupt26
  L_interrupt27
  L_interrupt28
  L_interrupt29
  L_interrupt30
  L_interrupt31
  L_end_main
  _main
  L_end_interrupt
  _interrupt
  L__interrupt34
  L_loopCA2AWs
  L_CA2AWend
  _CCA2AW_Loop1
  L_loopCS2Ss
  L_CS2Send
  _CCS2S_Loop1
  L_CCS2Send
  L_loopFZinSWs
  L_FZinSend
  _CC2D_Loop1
  L_end_____DoICP
  _____DoICP
  L_end_____DoIFC
  _____DoIFC
  L_end___CA2AW
  ___CA2AW
  L_end___CCA2AW
  ___CCA2AW
  L_end___CS2S
  ___CS2S
  L_end___CCS2S
  ___CCS2S
  L_end___FZinS
  ___FZinS
  L_end___CC2DW
  ___CC2DW
  L_end_Swap
  _Swap
  L_interrupt0
  L_interrupt1
  L_interrupt2
  L_interrupt3
  L_interrupt4
  L_interrupt5
  L_interrupt6
  L_interrupt7
  L_interrupt8
  L_interrupt9
  L_interrupt10
  L_interrupt11
  L_interrupt12
  L_interrupt13
  L_interrupt14
  L_interrupt15
  L_interrupt16
  L_interrupt17
  L_interrupt18
  L_interrupt19
  L_interrupt20
  L_interrupt21
  L_interrupt22
  L_interrupt23
  L_interrupt24
  L_interrupt25
  L_interrupt26
  L_interrupt27
  L_interrupt28
  L_interrupt29
  L_interrupt30
  L_interrupt31
  L_end_main
  _main
  L_end_interrupt
  _interrupt
  L__interrupt34
